<?xml version="1.0" encoding="UTF-8"?>
<!-- Generated by org.testng.reporters.JUnitXMLReporter -->
<testsuite ignored="3" hostname="MADEM" failures="0" tests="4" name="Test" time="0.099" errors="0" timestamp="2022-04-08T19:06:18 IST">
  <testcase classname="com.automationproject.testngconcepts.Demo1" name="login" time="0.014"/>
  <testcase classname="com.automationproject.testngconcepts.Demo1" name="flightsBooking" time="0.001"/>
  <testcase classname="com.automationproject.testngconcepts.Demo1" name="logOutApplication" time="0.003"/>
  <testcase classname="com.automationproject.testngconcepts.Demo1" name="tearDown" time="0.001"/>
  <testcase classname="com.automationproject.testngconcepts.Demo1" name="changeBookingDates" time="0.0">
    <ignored/>
  </testcase> <!-- changeBookingDates -->
  <testcase classname="com.automationproject.testngconcepts.Demo1" name="signup" time="0.0">
    <ignored/>
  </testcase> <!-- signup -->
  <testcase classname="com.automationproject.testngconcepts.Demo1" name="bookingcancel" time="0.0">
    <ignored/>
  </testcase> <!-- bookingcancel -->
</testsuite> <!-- Test -->
