<?xml version="1.0" encoding="UTF-8"?>
<testng-results ignored="0" total="1" passed="1" failed="0" skipped="0">
  <reporter-output>
  </reporter-output>
  <suite started-at="2022-04-11T19:07:05 IST" name="Default suite" finished-at="2022-04-11T19:07:11 IST" duration-ms="6112">
    <groups>
    </groups>
    <test started-at="2022-04-11T19:07:05 IST" name="Default test" finished-at="2022-04-11T19:07:11 IST" duration-ms="6112">
      <class name="com.automationproject.excelreader.Test">
        <test-method signature="googlePage()[pri:0, instance:com.automationproject.excelreader.Test@2b91004a]" started-at="2022-04-11T19:07:05 IST" name="googlePage" finished-at="2022-04-11T19:07:11 IST" duration-ms="6049" status="PASS">
          <reporter-output>
          </reporter-output>
        </test-method> <!-- googlePage -->
      </class> <!-- com.automationproject.excelreader.Test -->
    </test> <!-- Default test -->
  </suite> <!-- Default suite -->
</testng-results>
