<?xml version="1.0" encoding="UTF-8"?>
<testng-results ignored="0" total="1" passed="1" failed="0" skipped="0">
  <reporter-output>
  </reporter-output>
  <suite started-at="2022-04-12T19:22:20 IST" name="Default suite" finished-at="2022-04-12T19:22:27 IST" duration-ms="6996">
    <groups>
    </groups>
    <test started-at="2022-04-12T19:22:20 IST" name="Default test" finished-at="2022-04-12T19:22:27 IST" duration-ms="6996">
      <class name="com.automationproject.basicprogram.Test1">
        <test-method signature="loginTest()[pri:0, instance:com.automationproject.basicprogram.Test1@2b91004a]" started-at="2022-04-12T19:22:20 IST" name="loginTest" finished-at="2022-04-12T19:22:27 IST" duration-ms="6932" status="PASS">
          <reporter-output>
          </reporter-output>
        </test-method> <!-- loginTest -->
      </class> <!-- com.automationproject.basicprogram.Test1 -->
    </test> <!-- Default test -->
  </suite> <!-- Default suite -->
</testng-results>
